Temp/gradleOut/launcher/build/outputs/logs/manifest-merger-release-report.txt
-- Merging decision tree log ---
manifest
ADDED from src\main\AndroidManifest.xml:3:1-6:12
INJECTED from src\main\AndroidManifest.xml:3:1-6:12
INJECTED from src\main\AndroidManifest.xml:3:1-6:12
INJECTED from src\main\AndroidManifest.xml:3:1-6:12
MERGED from [:unityLibrary] AndroidManifest.xml:3:1-96:12
MERGED from [:billing-3.0.3:] AndroidManifest.xml:2:1-24:12
MERGED from [:common:] AndroidManifest.xml:2:1-12:12
MERGED from [:gvr-keyboard:] AndroidManifest.xml:2:1-4:12
MERGED from [:gvr-keyboardsupport-release:] AndroidManifest.xml:2:1-35:12
MERGED from [:gvr-permissionsupport-release:] AndroidManifest.xml:2:1-30:12
MERGED from [:UnityAds:] AndroidManifest.xml:2:1-35:12
MERGED from [:UnityAdsAndroidPlugin:] AndroidManifest.xml:2:1-11:12
INJECTED from src\main\AndroidManifest.xml:3:1-6:12
INJECTED from src\main\AndroidManifest.xml:3:1-6:12
INJECTED from src\main\AndroidManifest.xml:3:1-6:12
	package
		ADDED from src\main\AndroidManifest.xml:3:70-98
		INJECTED from src\main\AndroidManifest.xml
		INJECTED from src\main\AndroidManifest.xml
	android:versionName
		INJECTED from src\main\AndroidManifest.xml
		ADDED from src\main\AndroidManifest.xml:3:1-6:12
		INJECTED from src\main\AndroidManifest.xml
	xmlns:tools
		ADDED from src\main\AndroidManifest.xml:3:99-145
	android:versionCode
		INJECTED from src\main\AndroidManifest.xml
		ADDED from src\main\AndroidManifest.xml:3:1-6:12
		INJECTED from src\main\AndroidManifest.xml
	xmlns:android
		ADDED from src\main\AndroidManifest.xml:3:11-69
	android:installLocation
		ADDED from src\main\AndroidManifest.xml:3:146-186
supports-screens
ADDED from src\main\AndroidManifest.xml:4:3-163
	android:largeScreens
		ADDED from src\main\AndroidManifest.xml:4:78-105
	android:smallScreens
		ADDED from src\main\AndroidManifest.xml:4:21-48
	android:normalScreens
		ADDED from src\main\AndroidManifest.xml:4:49-77
	android:xlargeScreens
		ADDED from src\main\AndroidManifest.xml:4:106-134
	android:anyDensity
		ADDED from src\main\AndroidManifest.xml:4:135-160
application
ADDED from src\main\AndroidManifest.xml:5:3-121
MERGED from [:unityLibrary] AndroidManifest.xml:39:5-94:19
MERGED from [:unityLibrary] AndroidManifest.xml:39:5-94:19
MERGED from [:billing-3.0.3:] AndroidManifest.xml:12:5-22:19
MERGED from [:billing-3.0.3:] AndroidManifest.xml:12:5-22:19
MERGED from [:common:] AndroidManifest.xml:9:5-10:19
MERGED from [:common:] AndroidManifest.xml:9:5-10:19
MERGED from [:gvr-keyboardsupport-release:] AndroidManifest.xml:15:5-33:19
MERGED from [:gvr-keyboardsupport-release:] AndroidManifest.xml:15:5-33:19
MERGED from [:gvr-permissionsupport-release:] AndroidManifest.xml:11:5-28:19
MERGED from [:gvr-permissionsupport-release:] AndroidManifest.xml:11:5-28:19
MERGED from [:UnityAds:] AndroidManifest.xml:12:5-33:19
MERGED from [:UnityAds:] AndroidManifest.xml:12:5-33:19
	android:supportsRtl
		ADDED from [:gvr-keyboardsupport-release:] AndroidManifest.xml:18:9-35
	android:label
		ADDED from src\main\AndroidManifest.xml:5:16-48
	android:allowBackup
		ADDED from [:gvr-keyboardsupport-release:] AndroidManifest.xml:16:9-35
	android:icon
		ADDED from src\main\AndroidManifest.xml:5:49-80
	android:banner
		ADDED from src\main\AndroidManifest.xml:5:81-118
	android:theme
		ADDED from [:unityLibrary] AndroidManifest.xml:41:9-47
	android:isGame
		ADDED from [:unityLibrary] AndroidManifest.xml:40:9-30
uses-sdk
INJECTED from src\main\AndroidManifest.xml reason: use-sdk injection requested
INJECTED from src\main\AndroidManifest.xml
INJECTED from src\main\AndroidManifest.xml
MERGED from [:unityLibrary] AndroidManifest.xml:9:5-11:41
MERGED from [:unityLibrary] AndroidManifest.xml:9:5-11:41
MERGED from [:billing-3.0.3:] AndroidManifest.xml:6:5-8:41
MERGED from [:billing-3.0.3:] AndroidManifest.xml:6:5-8:41
MERGED from [:common:] AndroidManifest.xml:7:5-43
MERGED from [:common:] AndroidManifest.xml:7:5-43
MERGED from [:gvr-keyboard:] AndroidManifest.xml:3:3-71
MERGED from [:gvr-keyboard:] AndroidManifest.xml:3:3-71
MERGED from [:gvr-keyboardsupport-release:] AndroidManifest.xml:7:5-9:41
MERGED from [:gvr-keyboardsupport-release:] AndroidManifest.xml:7:5-9:41
MERGED from [:gvr-permissionsupport-release:] AndroidManifest.xml:7:5-9:41
MERGED from [:gvr-permissionsupport-release:] AndroidManifest.xml:7:5-9:41
MERGED from [:UnityAds:] AndroidManifest.xml:5:5-7:41
MERGED from [:UnityAds:] AndroidManifest.xml:5:5-7:41
MERGED from [:UnityAdsAndroidPlugin:] AndroidManifest.xml:7:5-9:41
MERGED from [:UnityAdsAndroidPlugin:] AndroidManifest.xml:7:5-9:41
INJECTED from src\main\AndroidManifest.xml
INJECTED from src\main\AndroidManifest.xml
	android:targetSdkVersion
		INJECTED from src\main\AndroidManifest.xml
		ADDED from src\main\AndroidManifest.xml
		INJECTED from src\main\AndroidManifest.xml
	android:minSdkVersion
		INJECTED from src\main\AndroidManifest.xml
		ADDED from src\main\AndroidManifest.xml
		INJECTED from src\main\AndroidManifest.xml
uses-feature#0x00020000
ADDED from [:unityLibrary] AndroidManifest.xml:13:5-54
	android:glEsVersion
		ADDED from [:unityLibrary] AndroidManifest.xml:13:19-51
uses-feature#android.hardware.vr.headtracking
ADDED from [:unityLibrary] AndroidManifest.xml:14:5-17:31
	android:version
		ADDED from [:unityLibrary] AndroidManifest.xml:17:9-28
	android:required
		ADDED from [:unityLibrary] AndroidManifest.xml:16:9-33
	android:name
		ADDED from [:unityLibrary] AndroidManifest.xml:15:9-56
uses-feature#android.software.vr.mode
ADDED from [:unityLibrary] AndroidManifest.xml:18:5-20:36
MERGED from [:gvr-keyboardsupport-release:] AndroidManifest.xml:11:5-13:36
MERGED from [:gvr-keyboardsupport-release:] AndroidManifest.xml:11:5-13:36
	android:required
		ADDED from [:unityLibrary] AndroidManifest.xml:20:9-33
	android:name
		ADDED from [:unityLibrary] AndroidManifest.xml:19:9-48
uses-feature#android.hardware.vr.high_performance
ADDED from [:unityLibrary] AndroidManifest.xml:21:5-23:36
	android:required
		ADDED from [:unityLibrary] AndroidManifest.xml:23:9-33
	android:name
		ADDED from [:unityLibrary] AndroidManifest.xml:22:9-60
uses-permission#android.permission.READ_EXTERNAL_STORAGE
ADDED from [:unityLibrary] AndroidManifest.xml:25:5-80
	android:name
		ADDED from [:unityLibrary] AndroidManifest.xml:25:22-77
uses-permission#android.permission.INTERNET
ADDED from [:unityLibrary] AndroidManifest.xml:26:5-67
MERGED from [:UnityAds:] AndroidManifest.xml:10:5-67
MERGED from [:UnityAds:] AndroidManifest.xml:10:5-67
	android:name
		ADDED from [:unityLibrary] AndroidManifest.xml:26:22-64
uses-permission#android.permission.CHANGE_WIFI_MULTICAST_STATE
ADDED from [:unityLibrary] AndroidManifest.xml:27:5-86
	android:name
		ADDED from [:unityLibrary] AndroidManifest.xml:27:22-83
uses-feature#android.hardware.touchscreen
ADDED from [:unityLibrary] AndroidManifest.xml:29:5-31:36
	android:required
		ADDED from [:unityLibrary] AndroidManifest.xml:31:9-33
	android:name
		ADDED from [:unityLibrary] AndroidManifest.xml:30:9-52
uses-feature#android.hardware.touchscreen.multitouch
ADDED from [:unityLibrary] AndroidManifest.xml:32:5-34:36
	android:required
		ADDED from [:unityLibrary] AndroidManifest.xml:34:9-33
	android:name
		ADDED from [:unityLibrary] AndroidManifest.xml:33:9-63
uses-feature#android.hardware.touchscreen.multitouch.distinct
ADDED from [:unityLibrary] AndroidManifest.xml:35:5-37:36
	android:required
		ADDED from [:unityLibrary] AndroidManifest.xml:37:9-33
	android:name
		ADDED from [:unityLibrary] AndroidManifest.xml:36:9-72
activity#com.unity3d.player.UnityPlayerActivity
ADDED from [:unityLibrary] AndroidManifest.xml:42:9-71:20
	android:screenOrientation
		ADDED from [:unityLibrary] AndroidManifest.xml:48:13-51
	android:launchMode
		ADDED from [:unityLibrary] AndroidManifest.xml:46:13-44
	android:hardwareAccelerated
		ADDED from [:unityLibrary] AndroidManifest.xml:45:13-48
	android:resizeableActivity
		ADDED from [:unityLibrary] AndroidManifest.xml:47:13-47
	android:configChanges
		ADDED from [:unityLibrary] AndroidManifest.xml:44:13-194
	android:theme
		ADDED from [:unityLibrary] AndroidManifest.xml:49:13-54
	android:name
		ADDED from [:unityLibrary] AndroidManifest.xml:43:13-66
intent-filter#action:name:android.intent.action.MAIN+category:name:android.intent.category.LAUNCHER+category:name:android.intent.category.LEANBACK_LAUNCHER+category:name:com.google.intent.category.CARDBOARD+category:name:com.google.intent.category.DAYDREAM
ADDED from [:unityLibrary] AndroidManifest.xml:50:13-57:29
action#android.intent.action.MAIN
ADDED from [:unityLibrary] AndroidManifest.xml:51:17-69
	android:name
		ADDED from [:unityLibrary] AndroidManifest.xml:51:25-66
category#android.intent.category.LAUNCHER
ADDED from [:unityLibrary] AndroidManifest.xml:53:17-77
	android:name
		ADDED from [:unityLibrary] AndroidManifest.xml:53:27-74
category#android.intent.category.LEANBACK_LAUNCHER
ADDED from [:unityLibrary] AndroidManifest.xml:54:17-86
	android:name
		ADDED from [:unityLibrary] AndroidManifest.xml:54:27-83
category#com.google.intent.category.DAYDREAM
ADDED from [:unityLibrary] AndroidManifest.xml:55:17-80
	android:name
		ADDED from [:unityLibrary] AndroidManifest.xml:55:27-77
category#com.google.intent.category.CARDBOARD
ADDED from [:unityLibrary] AndroidManifest.xml:56:17-81
	android:name
		ADDED from [:unityLibrary] AndroidManifest.xml:56:27-78
meta-data#unityplayer.UnityActivity
ADDED from [:unityLibrary] AndroidManifest.xml:59:13-61:40
	android:value
		ADDED from [:unityLibrary] AndroidManifest.xml:61:17-37
	android:name
		ADDED from [:unityLibrary] AndroidManifest.xml:60:17-57
meta-data#com.google.android.vr.icon
ADDED from [:unityLibrary] AndroidManifest.xml:62:13-64:62
	android:resource
		ADDED from [:unityLibrary] AndroidManifest.xml:64:17-59
	android:name
		ADDED from [:unityLibrary] AndroidManifest.xml:63:17-58
meta-data#com.google.android.vr.icon_background
ADDED from [:unityLibrary] AndroidManifest.xml:65:13-67:61
	android:resource
		ADDED from [:unityLibrary] AndroidManifest.xml:67:17-58
	android:name
		ADDED from [:unityLibrary] AndroidManifest.xml:66:17-69
meta-data#android.notch_support
ADDED from [:unityLibrary] AndroidManifest.xml:68:13-70:40
	android:value
		ADDED from [:unityLibrary] AndroidManifest.xml:70:17-37
	android:name
		ADDED from [:unityLibrary] AndroidManifest.xml:69:17-53
meta-data#unityplayer.SkipPermissionsDialog
ADDED from [:unityLibrary] AndroidManifest.xml:73:9-75:36
	android:value
		ADDED from [:unityLibrary] AndroidManifest.xml:75:13-33
	android:name
		ADDED from [:unityLibrary] AndroidManifest.xml:74:13-61
meta-data#unity.splash-mode
ADDED from [:unityLibrary] AndroidManifest.xml:76:9-78:33
	android:value
		ADDED from [:unityLibrary] AndroidManifest.xml:78:13-30
	android:name
		ADDED from [:unityLibrary] AndroidManifest.xml:77:13-45
meta-data#unity.splash-enable
ADDED from [:unityLibrary] AndroidManifest.xml:79:9-81:37
	android:value
		ADDED from [:unityLibrary] AndroidManifest.xml:81:13-34
	android:name
		ADDED from [:unityLibrary] AndroidManifest.xml:80:13-47
meta-data#unity.launch-fullscreen
ADDED from [:unityLibrary] AndroidManifest.xml:82:9-84:36
	android:value
		ADDED from [:unityLibrary] AndroidManifest.xml:84:13-33
	android:name
		ADDED from [:unityLibrary] AndroidManifest.xml:83:13-51
meta-data#unity.allow-resizable-window
ADDED from [:unityLibrary] AndroidManifest.xml:85:9-87:37
	android:value
		ADDED from [:unityLibrary] AndroidManifest.xml:87:13-34
	android:name
		ADDED from [:unityLibrary] AndroidManifest.xml:86:13-56
meta-data#notch.config
ADDED from [:unityLibrary] AndroidManifest.xml:88:9-90:50
	android:value
		ADDED from [:unityLibrary] AndroidManifest.xml:90:13-47
	android:name
		ADDED from [:unityLibrary] AndroidManifest.xml:89:13-40
meta-data#unity.build-id
ADDED from [:unityLibrary] AndroidManifest.xml:91:9-93:68
	android:value
		ADDED from [:unityLibrary] AndroidManifest.xml:93:13-65
	android:name
		ADDED from [:unityLibrary] AndroidManifest.xml:92:13-42
uses-permission#com.android.vending.BILLING
ADDED from [:billing-3.0.3:] AndroidManifest.xml:10:5-67
	android:name
		ADDED from [:billing-3.0.3:] AndroidManifest.xml:10:22-64
meta-data#com.google.android.play.billingclient.version
ADDED from [:billing-3.0.3:] AndroidManifest.xml:13:9-15:37
	android:value
		ADDED from [:billing-3.0.3:] AndroidManifest.xml:15:13-34
	android:name
		ADDED from [:billing-3.0.3:] AndroidManifest.xml:14:13-73
activity#com.android.billingclient.api.ProxyBillingActivity
ADDED from [:billing-3.0.3:] AndroidManifest.xml:17:9-21:75
	android:exported
		ADDED from [:billing-3.0.3:] AndroidManifest.xml:20:13-37
	android:configChanges
		ADDED from [:billing-3.0.3:] AndroidManifest.xml:19:13-96
	android:theme
		ADDED from [:billing-3.0.3:] AndroidManifest.xml:21:13-72
	android:name
		ADDED from [:billing-3.0.3:] AndroidManifest.xml:18:13-78
activity#com.google.gvr.keyboardsupport.TransitionVRActivity
ADDED from [:gvr-keyboardsupport-release:] AndroidManifest.xml:21:9-32:20
	android:label
		ADDED from [:gvr-keyboardsupport-release:] AndroidManifest.xml:26:13-45
	android:enableVrMode
		ADDED from [:gvr-keyboardsupport-release:] AndroidManifest.xml:24:13-106
	android:exported
		ADDED from [:gvr-keyboardsupport-release:] AndroidManifest.xml:25:13-37
	android:resizeableActivity
		ADDED from [:gvr-keyboardsupport-release:] AndroidManifest.xml:27:13-47
	android:configChanges
		ADDED from [:gvr-keyboardsupport-release:] AndroidManifest.xml:23:13-59
	android:name
		ADDED from [:gvr-keyboardsupport-release:] AndroidManifest.xml:22:13-79
intent-filter#category:name:android.intent.category.LAUNCHER+category:name:com.google.intent.category.DAYDREAM
ADDED from [:gvr-keyboardsupport-release:] AndroidManifest.xml:28:13-31:29
activity#com.google.gvr.permissionsupport.TransitionVRActivity
ADDED from [:gvr-permissionsupport-release:] AndroidManifest.xml:17:9-27:20
	android:label
		ADDED from [:gvr-permissionsupport-release:] AndroidManifest.xml:22:13-45
	android:enableVrMode
		ADDED from [:gvr-permissionsupport-release:] AndroidManifest.xml:20:13-106
	android:exported
		ADDED from [:gvr-permissionsupport-release:] AndroidManifest.xml:21:13-37
	android:configChanges
		ADDED from [:gvr-permissionsupport-release:] AndroidManifest.xml:19:13-59
	android:name
		ADDED from [:gvr-permissionsupport-release:] AndroidManifest.xml:18:13-81
uses-permission#android.permission.ACCESS_NETWORK_STATE
ADDED from [:UnityAds:] AndroidManifest.xml:9:5-79
	android:name
		ADDED from [:UnityAds:] AndroidManifest.xml:9:22-76
activity#com.unity3d.services.ads.adunit.AdUnitActivity
ADDED from [:UnityAds:] AndroidManifest.xml:13:9-17:74
	android:hardwareAccelerated
		ADDED from [:UnityAds:] AndroidManifest.xml:16:13-47
	android:configChanges
		ADDED from [:UnityAds:] AndroidManifest.xml:15:13-170
	android:theme
		ADDED from [:UnityAds:] AndroidManifest.xml:17:13-71
	android:name
		ADDED from [:UnityAds:] AndroidManifest.xml:14:13-74
activity#com.unity3d.services.ads.adunit.AdUnitTransparentActivity
ADDED from [:UnityAds:] AndroidManifest.xml:18:9-22:86
	android:hardwareAccelerated
		ADDED from [:UnityAds:] AndroidManifest.xml:21:13-47
	android:configChanges
		ADDED from [:UnityAds:] AndroidManifest.xml:20:13-170
	android:theme
		ADDED from [:UnityAds:] AndroidManifest.xml:22:13-83
	android:name
		ADDED from [:UnityAds:] AndroidManifest.xml:19:13-85
activity#com.unity3d.services.ads.adunit.AdUnitTransparentSoftwareActivity
ADDED from [:UnityAds:] AndroidManifest.xml:23:9-27:86
	android:hardwareAccelerated
		ADDED from [:UnityAds:] AndroidManifest.xml:26:13-48
	android:configChanges
		ADDED from [:UnityAds:] AndroidManifest.xml:25:13-170
	android:theme
		ADDED from [:UnityAds:] AndroidManifest.xml:27:13-83
	android:name
		ADDED from [:UnityAds:] AndroidManifest.xml:24:13-93
activity#com.unity3d.services.ads.adunit.AdUnitSoftwareActivity
ADDED from [:UnityAds:] AndroidManifest.xml:28:9-32:74
	android:hardwareAccelerated
		ADDED from [:UnityAds:] AndroidManifest.xml:31:13-48
	android:configChanges
		ADDED from [:UnityAds:] AndroidManifest.xml:30:13-170
	android:theme
		ADDED from [:UnityAds:] AndroidManifest.xml:32:13-71
	android:name
		ADDED from [:UnityAds:] AndroidManifest.xml:29:13-82